2022-04-22 13:12:02,110 INFO org.springframework.boot.StartupInfoLogger [main] Starting CityApiApplicationTests using Java 17.0.2 on DESKTOP-JP90FOO with PID 936 (started by evde-saglik in C:\Users\evde-saglik\git\repository\city_api)
2022-04-22 13:12:02,114 INFO org.springframework.boot.SpringApplication [main] The following profiles are active: dev
2022-04-22 13:12:03,648 INFO org.springframework.data.repository.config.RepositoryConfigurationDelegate [main] Bootstrapping Spring Data JPA repositories in DEFAULT mode.
2022-04-22 13:12:03,852 INFO org.springframework.data.repository.config.RepositoryConfigurationDelegate [main] Finished Spring Data repository scanning in 190 ms. Found 13 JPA repository interfaces.
2022-04-22 13:12:04,759 INFO com.zaxxer.hikari.HikariDataSource [main] HikariPool-1 - Starting...
2022-04-22 13:12:05,160 INFO com.zaxxer.hikari.HikariDataSource [main] HikariPool-1 - Start completed.
2022-04-22 13:12:05,308 INFO org.hibernate.jpa.internal.util.LogHelper [main] HHH000204: Processing PersistenceUnitInfo [name: default]
2022-04-22 13:12:05,426 INFO org.hibernate.Version [main] HHH000412: Hibernate ORM core version 5.4.31.Final
2022-04-22 13:12:05,718 INFO org.hibernate.annotations.common.reflection.java.JavaReflectionManager [main] HCANN000001: Hibernate Commons Annotations {5.1.2.Final}
2022-04-22 13:12:05,971 INFO org.hibernate.dialect.Dialect [main] HHH000400: Using dialect: org.hibernate.dialect.H2Dialect
2022-04-22 13:12:07,150 INFO org.hibernate.engine.transaction.jta.platform.internal.JtaPlatformInitiator [main] HHH000490: Using JtaPlatform implementation: [org.hibernate.engine.transaction.jta.platform.internal.NoJtaPlatform]
2022-04-22 13:12:07,165 INFO org.springframework.orm.jpa.AbstractEntityManagerFactoryBean [main] Initialized JPA EntityManagerFactory for persistence unit 'default'
2022-04-22 13:12:08,441 WARN org.springframework.boot.autoconfigure.orm.jpa.JpaBaseConfiguration$JpaWebConfiguration [main] spring.jpa.open-in-view is enabled by default. Therefore, database queries may be performed during view rendering. Explicitly configure spring.jpa.open-in-view to disable this warning
2022-04-22 13:12:08,582 INFO org.springframework.boot.autoconfigure.h2.H2ConsoleAutoConfiguration [main] H2 console available at '/h2'. Database available at 'jdbc:h2:mem:city_api_db'
2022-04-22 13:12:08,959 INFO springfox.documentation.spring.web.PropertySourcedRequestMappingHandlerMapping [main] Mapped URL path [/v2/api-docs] onto method [springfox.documentation.swagger2.web.Swagger2Controller#getDocumentation(String, HttpServletRequest)]
2022-04-22 13:12:10,111 INFO springfox.documentation.spring.web.plugins.DocumentationPluginsBootstrapper [main] Context refreshed
2022-04-22 13:12:10,143 INFO springfox.documentation.spring.web.plugins.DocumentationPluginsBootstrapper [main] Found 1 custom documentation plugin(s)
2022-04-22 13:12:10,173 INFO springfox.documentation.spring.web.scanners.ApiListingReferenceScanner [main] Scanning for api listing references
2022-04-22 13:12:10,361 INFO org.springframework.boot.StartupInfoLogger [main] Started CityApiApplicationTests in 8.871 seconds (JVM running for 11.206)
2022-04-22 13:12:10,365 INFO org.springframework.boot.availability.ApplicationAvailabilityBean [main] Application availability state LivenessState changed to CORRECT
2022-04-22 13:12:10,368 INFO org.springframework.boot.availability.ApplicationAvailabilityBean [main] Application availability state ReadinessState changed to ACCEPTING_TRAFFIC
